/var/tmp/demo.asm
=================
                      1     .device("ATTiny2313")
                      2     .include("timing.js")

/var/tmp/timing.js
==================
                      1 const clockFrequency = 14745600;
                      2 const timerPreScale = 256;
                      3
                      4 const baudRate = 9600;
                      5 const multiplier = baudRate * 16;
                      6 define("baudSelector", (clockFrequency / multiplier) - 1);
                      7
                      8 const shiftMap = new Map([
                      9     [0,    0],
                     10     [1,    1 << CS10],
                     11     [8,    1 << CS11],
                     12     [64,   (1 << CS11) | (1 << CS10)],
                     13     [256,  (1 << CS12)],
                     14     [1024, (1 << CS12) | (1 << CS10)]
                     15 ]);
                     16 define("clockSelect", shiftMap.get(timerPreScale));
                     17
                     18 const halfPeriodMilliseconds = 20;
                     19 const timerFrequency = clockFrequency / timerPreScale;
                     20 const tick = (1 / timerFrequency) * 1000;
                     21 const ticks = halfPeriodMilliseconds / tick;
                     22 define("ticks", Math.round(ticks));
                     23

/var/tmp/demo.asm
=================
                      3
000000 F8 94          4     cli
000001 00 24          5     clr R0
                      6
                      7 setup_timer:
000002 0F BC          8     out TCCR1A, R0
                      9
000003 24 E0         10     ldi R18, clockSelect
000004 2E BD         11     out TCCR1B, R18
                     12
000005 24 E0         13     ldi R18, high(ticks)
000006 2B BD         14     out OCR1AH, R18
000007 20 E8         15     ldi R18, low(ticks)
000008 2A BD         16     out OCR1AL, R18
                     17
                     18 start_interval_timers:
000009 0D BC         19     out TCNT1H, R0
00000A 0C BC         20     out TCNT1L, R0
                     21
00000B 20 E6         22     ldi R18, (1 << OCF1A) | (1 << OCF1B)
00000C 28 BF         23     out TIFR, R18
                     24
                     25 setup_serial:
00000D 20 E0         26     ldi R18, high(baudSelector)
00000E 22 B9         27     out UBRRH, R18
00000F 2F E5         28     ldi R18, low(baudSelector)
000010 29 B9         29     out UBRRL, R18
                     30
000011 0B B8         31     out UCSRA, R0
                     32
000012 28 E0         33     ldi R18, (1 << TXEN)
000013 2A B9         34     out UCSRB, R18
                     35
000014 26 E0         36     ldi R18, (1 << UCSZ0) | (1 << UCSZ1)
000015 23 B9         37     out UCSRC, R18
                     38
                     39 the_top:
000016 EC E4         40     ldi ZL, low(characters_to_send << 1)
000017 F0 E0         41     ldi ZH, high(characters_to_send << 1)
                     42
                     43 send_character:
000018 0D BC         44     out TCNT1H, R0
000019 0C BC         45     out TCNT1L, R0
                     46
00001A 20 E6         47     ldi R18, (1 << OCF1A) | (1 << OCF1B)
00001B 28 BF         48     out TIFR, R18
                     49
                     50 wait_for_20ms_interval:
00001C 18 B6         51     in R1, TIFR
00001D 16 FE         52     sbrs R1, OCF1A
00001E FD CF         53     rjmp wait_for_20ms_interval
                     54
                     55 get_next_character:
00001F 35 91         56     lpm R19, Z+
                     57
                     58 buffer_wait:
000020 5D 9B         59     sbis UCSRA, UDRE
000021 FE CF         60     rjmp buffer_wait
                     61
000022 3C B9         62     out    UDR, R19
                     63
000023 30 32         64     cpi R19, " ".charCodeAt(0)
000024 89 F3         65     breq the_top
000025 F2 CF         66     rjmp send_character
                     67
                     68 characters_to_send:
000026 54 65 73 74   69     .poke("Testing1234 ")
000028 69 6E 67 31
00002A 32 33 34 20
                     70

Symbol Table
============

baudSelector           | 95   | 5F  | /var/tmp/timing.js:23 | 2
buffer_wait            | 32   | 20  | /var/tmp/demo.asm:58  | 1
characters_to_send     | 38   | 26  | /var/tmp/demo.asm:68  | 0
clockSelect            | 4    | 4   | /var/tmp/timing.js:23 | 1
CS10                   | 0    | 0   | /var/tmp/demo.asm:1   | 3
CS11                   | 1    | 1   | /var/tmp/demo.asm:1   | 2
CS12                   | 2    | 2   | /var/tmp/demo.asm:1   | 2
get_next_character     | 31   | 1F  | /var/tmp/demo.asm:55  | 0
OCF1A                  | 6    | 6   | /var/tmp/demo.asm:1   | 3
OCF1B                  | 5    | 5   | /var/tmp/demo.asm:1   | 2
OCR1AH                 | 75   | 4B  | /var/tmp/demo.asm:1   | 1
OCR1AL                 | 74   | 4A  | /var/tmp/demo.asm:1   | 1
R0                     |      |     | REGISTER              | 7
R1                     |      |     | REGISTER              | 2
R18                    |      |     | REGISTER              | 18
R19                    |      |     | REGISTER              | 3
send_character         | 24   | 18  | /var/tmp/demo.asm:43  | 1
setup_serial           | 13   | D   | /var/tmp/demo.asm:25  | 0
setup_timer            | 2    | 2   | /var/tmp/demo.asm:7   | 0
start_interval_timers  | 9    | 9   | /var/tmp/demo.asm:18  | 0
TCCR1A                 | 79   | 4F  | /var/tmp/demo.asm:1   | 1
TCCR1B                 | 78   | 4E  | /var/tmp/demo.asm:1   | 1
TCNT1H                 | 77   | 4D  | /var/tmp/demo.asm:1   | 2
TCNT1L                 | 76   | 4C  | /var/tmp/demo.asm:1   | 2
the_top                | 22   | 16  | /var/tmp/demo.asm:39  | 1
ticks                  | 1152 | 480 | /var/tmp/timing.js:23 | 2
TIFR                   | 88   | 58  | /var/tmp/demo.asm:1   | 3
TXEN                   | 3    | 3   | /var/tmp/demo.asm:1   | 1
UBRRH                  | 34   | 22  | /var/tmp/demo.asm:1   | 1
UBRRL                  | 41   | 29  | /var/tmp/demo.asm:1   | 1
UCSRA                  | 43   | 2B  | /var/tmp/demo.asm:1   | 2
UCSRB                  | 42   | 2A  | /var/tmp/demo.asm:1   | 1
UCSRC                  | 35   | 23  | /var/tmp/demo.asm:1   | 1
UCSZ0                  | 1    | 1   | /var/tmp/demo.asm:1   | 1
UCSZ1                  | 2    | 2   | /var/tmp/demo.asm:1   | 1
UDR                    | 44   | 2C  | /var/tmp/demo.asm:1   | 1
UDRE                   | 5    | 5   | /var/tmp/demo.asm:1   | 1
wait_for_20ms_interval | 28   | 1C  | /var/tmp/demo.asm:50  | 1
ZH                     |      |     | REGISTER              | 1
ZL                     |      |     | REGISTER              | 1