/var/tmp/demo.asm
=================
                      1     .device("AT Tiny 2313")
                      2
                      3     ; Poke inserts bytes directly into the object file
                      4
                      5     ; This odd number of bytes will be zero padded to word align
000000 01 02 03 04    6     .poke(1, 2, 3, 4, 5, 6, 7)
000002 05 06 07 00
000004 48 65 6C 6C    7     .poke("Hello there!")
000006 6F 20 74 68
000008 65 72 65 21
                      8
                      9     ; It's OK to poke multiple times in a JavaScript block
                     10     {{
                     11         const stuff = [1, 2, 3, 4];
                     12         poke(...stuff);
                     13         poke(...stuff);
00000A 01 02 03 04   14     }}
00000C 01 02 03 04
                     15
                     16     ; Sorry, Any errors will be reported on the whole code block
                     17     {{
                     18         const stuff = [1, 2, 3, 4];
                     19         poke(stuff);
                     20         poke(...stuff);
00000E 00 00 01 02   21     }}
000010 03 04            value_type
                        location.parameter: 1
                        expected: string, byte
                        actual: array: (1,2,3,4)
                     22
                     23     ; You can put a label on your data
000011 FF 00         24 here: .poke(0xff)
                     25

Symbol Table
============

here | 17 | 11 | /var/tmp/demo.asm:24 | 0