/var/tmp/demo.asm
=================
                      1     {{ device("ATTiny24"); }}
000000 6F 90          2     POP R6
000001 7F 92          3     PUSH R7
000002 E0 94          4     COM R14
000003 6A 95          5     DEC R22
000004 43 95          6     INC R20
000005 66 94          7     LSR R6
000006 A5 94          8     ASR R10
000007 B1 94          9     NEG R11
000008 72 94         10     SWAP R7
000009 37 95         11     ROR R19
                     12

Symbol Table
============

R6  |   |   | REGISTER | 2
R7  |   |   | REGISTER | 2
R10 |   |   | REGISTER | 1
R11 |   |   | REGISTER | 1
R14 |   |   | REGISTER | 1
R19 |   |   | REGISTER | 1
R20 |   |   | REGISTER | 1
R22 |   |   | REGISTER | 1