/var/tmp/demo.asm
=================
                      1     .device("AT Tiny 24")
                      2 back:
000000 00 00          3     NOP
000001 00 00          4     NOP
000002 00 00          5     NOP
000003 FC DF          6     RCALL back
000004 FB CF          7     RJMP back
000005 04 D0          8     RCALL forward
000006 03 C0          9     RJMP forward
000007 00 00         10     NOP
000008 00 00         11     NOP
000009 00 00         12     NOP
                     13 forward:
00000A 00 00         14     NOP
                     15

Symbol Table
============

back    |  0 | 00 | /var/tmp/demo.asm:2  | 2
forward | 10 | 0A | /var/tmp/demo.asm:13 | 0